{"/Users/gabrielunderwood/repos/reddit-clone/src/components/main/header/header.tsx": {"path":"/Users/gabrielunderwood/repos/reddit-clone/src/components/main/header/header.tsx","all":false,"statementMap":{"0":{"start":{"line":1,"column":0},"end":{"line":1,"column":49}},"1":{"start":{"line":2,"column":0},"end":{"line":2,"column":53}},"2":{"start":{"line":3,"column":0},"end":{"line":3,"column":72}},"3":{"start":{"line":4,"column":0},"end":{"line":4,"column":66}},"4":{"start":{"line":5,"column":0},"end":{"line":5,"column":64}},"5":{"start":{"line":6,"column":0},"end":{"line":6,"column":57}},"6":{"start":{"line":7,"column":0},"end":{"line":7,"column":53}},"7":{"start":{"line":8,"column":0},"end":{"line":8,"column":69}},"8":{"start":{"line":9,"column":0},"end":{"line":9,"column":33}},"9":{"start":{"line":10,"column":0},"end":{"line":10,"column":54}},"10":{"start":{"line":11,"column":0},"end":{"line":11,"column":46}},"12":{"start":{"line":13,"column":0},"end":{"line":13,"column":34}},"13":{"start":{"line":14,"column":0},"end":{"line":14,"column":32}},"14":{"start":{"line":15,"column":0},"end":{"line":15,"column":62}},"15":{"start":{"line":16,"column":0},"end":{"line":16,"column":53}},"16":{"start":{"line":17,"column":0},"end":{"line":17,"column":51}},"17":{"start":{"line":18,"column":0},"end":{"line":18,"column":65}},"18":{"start":{"line":19,"column":0},"end":{"line":19,"column":50}},"21":{"start":{"line":22,"column":0},"end":{"line":22,"column":65}},"22":{"start":{"line":23,"column":0},"end":{"line":23,"column":35}},"23":{"start":{"line":24,"column":0},"end":{"line":24,"column":29}},"24":{"start":{"line":25,"column":0},"end":{"line":25,"column":3}},"27":{"start":{"line":28,"column":0},"end":{"line":28,"column":17}},"28":{"start":{"line":29,"column":0},"end":{"line":29,"column":15}},"29":{"start":{"line":30,"column":0},"end":{"line":30,"column":9}},"30":{"start":{"line":31,"column":0},"end":{"line":31,"column":21}},"31":{"start":{"line":32,"column":0},"end":{"line":32,"column":30}},"32":{"start":{"line":33,"column":0},"end":{"line":33,"column":4}},"33":{"start":{"line":34,"column":0},"end":{"line":34,"column":15}},"34":{"start":{"line":35,"column":0},"end":{"line":35,"column":3}},"36":{"start":{"line":37,"column":0},"end":{"line":37,"column":9}},"37":{"start":{"line":38,"column":0},"end":{"line":38,"column":197}},"38":{"start":{"line":39,"column":0},"end":{"line":39,"column":24}},"39":{"start":{"line":40,"column":0},"end":{"line":40,"column":60}},"41":{"start":{"line":42,"column":0},"end":{"line":42,"column":6}},"42":{"start":{"line":43,"column":0},"end":{"line":43,"column":55}},"43":{"start":{"line":44,"column":0},"end":{"line":44,"column":13}},"44":{"start":{"line":45,"column":0},"end":{"line":45,"column":20}},"45":{"start":{"line":46,"column":0},"end":{"line":46,"column":33}},"46":{"start":{"line":47,"column":0},"end":{"line":47,"column":37}},"48":{"start":{"line":49,"column":0},"end":{"line":49,"column":11}},"49":{"start":{"line":50,"column":0},"end":{"line":50,"column":22}},"50":{"start":{"line":51,"column":0},"end":{"line":51,"column":25}},"51":{"start":{"line":52,"column":0},"end":{"line":52,"column":37}},"52":{"start":{"line":53,"column":0},"end":{"line":53,"column":9}},"53":{"start":{"line":54,"column":0},"end":{"line":54,"column":15}},"54":{"start":{"line":55,"column":0},"end":{"line":55,"column":73}},"56":{"start":{"line":57,"column":0},"end":{"line":57,"column":11}},"57":{"start":{"line":58,"column":0},"end":{"line":58,"column":11}},"58":{"start":{"line":59,"column":0},"end":{"line":59,"column":9}},"59":{"start":{"line":60,"column":0},"end":{"line":60,"column":167}},"61":{"start":{"line":62,"column":0},"end":{"line":62,"column":13}},"62":{"start":{"line":63,"column":0},"end":{"line":63,"column":20}},"63":{"start":{"line":64,"column":0},"end":{"line":64,"column":52}},"64":{"start":{"line":65,"column":0},"end":{"line":65,"column":43}},"66":{"start":{"line":67,"column":0},"end":{"line":67,"column":15}},"67":{"start":{"line":68,"column":0},"end":{"line":68,"column":68}},"68":{"start":{"line":69,"column":0},"end":{"line":69,"column":42}},"69":{"start":{"line":70,"column":0},"end":{"line":70,"column":9}},"70":{"start":{"line":71,"column":0},"end":{"line":71,"column":15}},"71":{"start":{"line":72,"column":0},"end":{"line":72,"column":12}},"72":{"start":{"line":73,"column":0},"end":{"line":73,"column":20}},"73":{"start":{"line":74,"column":0},"end":{"line":74,"column":71}},"74":{"start":{"line":75,"column":0},"end":{"line":75,"column":25}},"75":{"start":{"line":76,"column":0},"end":{"line":76,"column":25}},"76":{"start":{"line":77,"column":0},"end":{"line":77,"column":38}},"77":{"start":{"line":78,"column":0},"end":{"line":78,"column":29}},"78":{"start":{"line":79,"column":0},"end":{"line":79,"column":35}},"79":{"start":{"line":80,"column":0},"end":{"line":80,"column":37}},"80":{"start":{"line":81,"column":0},"end":{"line":81,"column":36}},"81":{"start":{"line":82,"column":0},"end":{"line":82,"column":16}},"82":{"start":{"line":83,"column":0},"end":{"line":83,"column":9}},"83":{"start":{"line":84,"column":0},"end":{"line":84,"column":38}},"84":{"start":{"line":85,"column":0},"end":{"line":85,"column":9}},"85":{"start":{"line":86,"column":0},"end":{"line":86,"column":25}},"86":{"start":{"line":87,"column":0},"end":{"line":87,"column":8}},"87":{"start":{"line":88,"column":0},"end":{"line":88,"column":27}},"88":{"start":{"line":89,"column":0},"end":{"line":89,"column":182}},"89":{"start":{"line":90,"column":0},"end":{"line":90,"column":18}},"90":{"start":{"line":91,"column":0},"end":{"line":91,"column":44}},"91":{"start":{"line":92,"column":0},"end":{"line":92,"column":36}},"92":{"start":{"line":93,"column":0},"end":{"line":93,"column":32}},"93":{"start":{"line":94,"column":0},"end":{"line":94,"column":10}},"94":{"start":{"line":95,"column":0},"end":{"line":95,"column":13}},"95":{"start":{"line":96,"column":0},"end":{"line":96,"column":15}},"96":{"start":{"line":97,"column":0},"end":{"line":97,"column":11}},"98":{"start":{"line":99,"column":0},"end":{"line":99,"column":55}},"100":{"start":{"line":101,"column":0},"end":{"line":101,"column":13}},"101":{"start":{"line":102,"column":0},"end":{"line":102,"column":20}},"102":{"start":{"line":103,"column":0},"end":{"line":103,"column":48}},"103":{"start":{"line":104,"column":0},"end":{"line":104,"column":33}},"104":{"start":{"line":105,"column":0},"end":{"line":105,"column":28}},"106":{"start":{"line":107,"column":0},"end":{"line":107,"column":15}},"107":{"start":{"line":108,"column":0},"end":{"line":108,"column":54}},"108":{"start":{"line":109,"column":0},"end":{"line":109,"column":42}},"109":{"start":{"line":110,"column":0},"end":{"line":110,"column":9}},"110":{"start":{"line":111,"column":0},"end":{"line":111,"column":15}},"111":{"start":{"line":112,"column":0},"end":{"line":112,"column":33}},"112":{"start":{"line":113,"column":0},"end":{"line":113,"column":14}},"113":{"start":{"line":114,"column":0},"end":{"line":114,"column":21}},"114":{"start":{"line":115,"column":0},"end":{"line":115,"column":106}},"116":{"start":{"line":117,"column":0},"end":{"line":117,"column":28}},"118":{"start":{"line":119,"column":0},"end":{"line":119,"column":59}},"119":{"start":{"line":120,"column":0},"end":{"line":120,"column":55}},"120":{"start":{"line":121,"column":0},"end":{"line":121,"column":16}},"121":{"start":{"line":122,"column":0},"end":{"line":122,"column":13}},"122":{"start":{"line":123,"column":0},"end":{"line":123,"column":41}},"123":{"start":{"line":124,"column":0},"end":{"line":124,"column":14}},"124":{"start":{"line":125,"column":0},"end":{"line":125,"column":21}},"125":{"start":{"line":126,"column":0},"end":{"line":126,"column":48}},"126":{"start":{"line":127,"column":0},"end":{"line":127,"column":33}},"128":{"start":{"line":129,"column":0},"end":{"line":129,"column":20}},"129":{"start":{"line":130,"column":0},"end":{"line":130,"column":49}},"131":{"start":{"line":132,"column":0},"end":{"line":132,"column":48}},"133":{"start":{"line":134,"column":0},"end":{"line":134,"column":16}},"134":{"start":{"line":135,"column":0},"end":{"line":135,"column":12}},"135":{"start":{"line":136,"column":0},"end":{"line":136,"column":24}},"136":{"start":{"line":137,"column":0},"end":{"line":137,"column":14}},"137":{"start":{"line":138,"column":0},"end":{"line":138,"column":21}},"138":{"start":{"line":139,"column":0},"end":{"line":139,"column":173}},"139":{"start":{"line":140,"column":0},"end":{"line":140,"column":8}},"141":{"start":{"line":142,"column":0},"end":{"line":142,"column":16}},"142":{"start":{"line":143,"column":0},"end":{"line":143,"column":13}},"143":{"start":{"line":144,"column":0},"end":{"line":144,"column":11}},"144":{"start":{"line":145,"column":0},"end":{"line":145,"column":7}},"146":{"start":{"line":147,"column":0},"end":{"line":147,"column":8}},"148":{"start":{"line":149,"column":0},"end":{"line":149,"column":1}}},"s":{"0":1,"1":1,"2":1,"3":1,"4":1,"5":1,"6":1,"7":1,"8":1,"9":1,"10":1,"12":22,"13":22,"14":22,"15":22,"16":22,"17":22,"18":22,"21":22,"22":22,"23":1,"24":1,"27":22,"28":22,"29":22,"30":1,"31":1,"32":1,"33":22,"34":22,"36":22,"37":22,"38":22,"39":1,"41":21,"42":21,"43":21,"44":21,"45":21,"46":21,"48":21,"49":21,"50":21,"51":21,"52":21,"53":21,"54":21,"56":21,"57":21,"58":21,"59":21,"61":21,"62":21,"63":21,"64":21,"66":21,"67":21,"68":21,"69":21,"70":21,"71":21,"72":21,"73":21,"74":21,"75":21,"76":9,"77":9,"78":8,"79":9,"80":1,"81":1,"82":1,"83":8,"84":9,"85":21,"86":21,"87":21,"88":8,"89":8,"90":8,"91":8,"92":8,"93":8,"94":8,"95":13,"96":21,"98":21,"100":21,"101":21,"102":21,"103":21,"104":21,"106":21,"107":21,"108":21,"109":21,"110":21,"111":21,"112":21,"113":21,"114":21,"116":21,"118":21,"119":21,"120":21,"121":21,"122":21,"123":21,"124":21,"125":21,"126":21,"128":21,"129":2,"131":19,"133":21,"134":21,"135":21,"136":21,"137":21,"138":21,"139":21,"141":21,"142":21,"143":21,"144":21,"146":22,"148":22},"branchMap":{"0":{"type":"branch","line":13,"loc":{"start":{"line":13,"column":0},"end":{"line":149,"column":1}},"locations":[{"start":{"line":13,"column":0},"end":{"line":149,"column":1}}]},"1":{"type":"branch","line":39,"loc":{"start":{"line":39,"column":4},"end":{"line":40,"column":60}},"locations":[{"start":{"line":39,"column":4},"end":{"line":40,"column":60}}]},"2":{"type":"branch","line":40,"loc":{"start":{"line":40,"column":58},"end":{"line":145,"column":7}},"locations":[{"start":{"line":40,"column":58},"end":{"line":145,"column":7}}]},"3":{"type":"branch","line":60,"loc":{"start":{"line":60,"column":54},"end":{"line":60,"column":91}},"locations":[{"start":{"line":60,"column":54},"end":{"line":60,"column":91}}]},"4":{"type":"branch","line":60,"loc":{"start":{"line":60,"column":73},"end":{"line":60,"column":104}},"locations":[{"start":{"line":60,"column":73},"end":{"line":60,"column":104}}]},"5":{"type":"branch","line":69,"loc":{"start":{"line":69,"column":14},"end":{"line":69,"column":34}},"locations":[{"start":{"line":69,"column":14},"end":{"line":69,"column":34}}]},"6":{"type":"branch","line":69,"loc":{"start":{"line":69,"column":24},"end":{"line":69,"column":42}},"locations":[{"start":{"line":69,"column":24},"end":{"line":69,"column":42}}]},"7":{"type":"branch","line":88,"loc":{"start":{"line":88,"column":7},"end":{"line":95,"column":13}},"locations":[{"start":{"line":88,"column":7},"end":{"line":95,"column":13}}]},"8":{"type":"branch","line":95,"loc":{"start":{"line":95,"column":7},"end":{"line":96,"column":15}},"locations":[{"start":{"line":95,"column":7},"end":{"line":96,"column":15}}]},"9":{"type":"branch","line":109,"loc":{"start":{"line":109,"column":14},"end":{"line":109,"column":34}},"locations":[{"start":{"line":109,"column":14},"end":{"line":109,"column":34}}]},"10":{"type":"branch","line":109,"loc":{"start":{"line":109,"column":24},"end":{"line":109,"column":42}},"locations":[{"start":{"line":109,"column":24},"end":{"line":109,"column":42}}]},"11":{"type":"branch","line":129,"loc":{"start":{"line":129,"column":9},"end":{"line":130,"column":49}},"locations":[{"start":{"line":129,"column":9},"end":{"line":130,"column":49}}]},"12":{"type":"branch","line":130,"loc":{"start":{"line":130,"column":47},"end":{"line":132,"column":48}},"locations":[{"start":{"line":130,"column":47},"end":{"line":132,"column":48}}]},"13":{"type":"branch","line":23,"loc":{"start":{"line":23,"column":28},"end":{"line":25,"column":3}},"locations":[{"start":{"line":23,"column":28},"end":{"line":25,"column":3}}]},"14":{"type":"branch","line":30,"loc":{"start":{"line":30,"column":2},"end":{"line":33,"column":4}},"locations":[{"start":{"line":30,"column":2},"end":{"line":33,"column":4}}]},"15":{"type":"branch","line":47,"loc":{"start":{"line":47,"column":16},"end":{"line":47,"column":37}},"locations":[{"start":{"line":47,"column":16},"end":{"line":47,"column":37}}]},"16":{"type":"branch","line":64,"loc":{"start":{"line":64,"column":16},"end":{"line":64,"column":52}},"locations":[{"start":{"line":64,"column":16},"end":{"line":64,"column":52}}]},"17":{"type":"branch","line":76,"loc":{"start":{"line":76,"column":17},"end":{"line":85,"column":9}},"locations":[{"start":{"line":76,"column":17},"end":{"line":85,"column":9}}]},"18":{"type":"branch","line":78,"loc":{"start":{"line":78,"column":28},"end":{"line":80,"column":19}},"locations":[{"start":{"line":78,"column":28},"end":{"line":80,"column":19}}]},"19":{"type":"branch","line":80,"loc":{"start":{"line":80,"column":8},"end":{"line":83,"column":9}},"locations":[{"start":{"line":80,"column":8},"end":{"line":83,"column":9}}]},"20":{"type":"branch","line":83,"loc":{"start":{"line":83,"column":8},"end":{"line":84,"column":38}},"locations":[{"start":{"line":83,"column":8},"end":{"line":84,"column":38}}]},"21":{"type":"branch","line":103,"loc":{"start":{"line":103,"column":16},"end":{"line":103,"column":48}},"locations":[{"start":{"line":103,"column":16},"end":{"line":103,"column":48}}]},"22":{"type":"branch","line":126,"loc":{"start":{"line":126,"column":17},"end":{"line":126,"column":48}},"locations":[{"start":{"line":126,"column":17},"end":{"line":126,"column":48}}]}},"b":{"0":[22],"1":[1],"2":[21],"3":[8],"4":[13],"5":[2],"6":[19],"7":[8],"8":[13],"9":[2],"10":[19],"11":[2],"12":[19],"13":[1],"14":[1],"15":[1],"16":[1],"17":[9],"18":[8],"19":[1],"20":[8],"21":[1],"22":[1]},"fnMap":{"0":{"name":"Header","decl":{"start":{"line":13,"column":0},"end":{"line":149,"column":1}},"loc":{"start":{"line":13,"column":0},"end":{"line":149,"column":1}},"line":13},"1":{"name":"cancelMobileSearch","decl":{"start":{"line":23,"column":28},"end":{"line":25,"column":3}},"loc":{"start":{"line":23,"column":28},"end":{"line":25,"column":3}},"line":23},"2":{"name":"onClick","decl":{"start":{"line":47,"column":16},"end":{"line":47,"column":37}},"loc":{"start":{"line":47,"column":16},"end":{"line":47,"column":37}},"line":47},"3":{"name":"onClick","decl":{"start":{"line":64,"column":16},"end":{"line":64,"column":52}},"loc":{"start":{"line":64,"column":16},"end":{"line":64,"column":52}},"line":64},"4":{"name":"onChange","decl":{"start":{"line":76,"column":17},"end":{"line":85,"column":9}},"loc":{"start":{"line":76,"column":17},"end":{"line":85,"column":9}},"line":76},"5":{"name":"onClick","decl":{"start":{"line":103,"column":16},"end":{"line":103,"column":48}},"loc":{"start":{"line":103,"column":16},"end":{"line":103,"column":48}},"line":103},"6":{"name":"onClick","decl":{"start":{"line":126,"column":17},"end":{"line":126,"column":48}},"loc":{"start":{"line":126,"column":17},"end":{"line":126,"column":48}},"line":126}},"f":{"0":22,"1":1,"2":1,"3":1,"4":9,"5":1,"6":1}}
,"/Users/gabrielunderwood/repos/reddit-clone/src/components/main/header/mobileSearch.tsx": {"path":"/Users/gabrielunderwood/repos/reddit-clone/src/components/main/header/mobileSearch.tsx","all":false,"statementMap":{"0":{"start":{"line":1,"column":0},"end":{"line":1,"column":49}},"1":{"start":{"line":2,"column":0},"end":{"line":2,"column":53}},"2":{"start":{"line":3,"column":0},"end":{"line":3,"column":33}},"3":{"start":{"line":4,"column":0},"end":{"line":4,"column":54}},"4":{"start":{"line":5,"column":0},"end":{"line":5,"column":72}},"5":{"start":{"line":6,"column":0},"end":{"line":6,"column":69}},"11":{"start":{"line":12,"column":0},"end":{"line":12,"column":72}},"12":{"start":{"line":13,"column":0},"end":{"line":13,"column":46}},"13":{"start":{"line":14,"column":0},"end":{"line":14,"column":53}},"14":{"start":{"line":15,"column":0},"end":{"line":15,"column":51}},"15":{"start":{"line":16,"column":0},"end":{"line":16,"column":65}},"16":{"start":{"line":17,"column":0},"end":{"line":17,"column":50}},"19":{"start":{"line":20,"column":0},"end":{"line":20,"column":17}},"20":{"start":{"line":21,"column":0},"end":{"line":21,"column":15}},"21":{"start":{"line":22,"column":0},"end":{"line":22,"column":9}},"22":{"start":{"line":23,"column":0},"end":{"line":23,"column":21}},"23":{"start":{"line":24,"column":0},"end":{"line":24,"column":30}},"24":{"start":{"line":25,"column":0},"end":{"line":25,"column":24}},"25":{"start":{"line":26,"column":0},"end":{"line":26,"column":4}},"26":{"start":{"line":27,"column":0},"end":{"line":27,"column":15}},"27":{"start":{"line":28,"column":0},"end":{"line":28,"column":3}},"28":{"start":{"line":29,"column":0},"end":{"line":29,"column":9}},"29":{"start":{"line":30,"column":0},"end":{"line":30,"column":43}},"30":{"start":{"line":31,"column":0},"end":{"line":31,"column":7}},"31":{"start":{"line":32,"column":0},"end":{"line":32,"column":155}},"33":{"start":{"line":34,"column":0},"end":{"line":34,"column":12}},"34":{"start":{"line":35,"column":0},"end":{"line":35,"column":65}},"35":{"start":{"line":36,"column":0},"end":{"line":36,"column":39}},"36":{"start":{"line":37,"column":0},"end":{"line":37,"column":50}},"37":{"start":{"line":38,"column":0},"end":{"line":38,"column":6}},"38":{"start":{"line":39,"column":0},"end":{"line":39,"column":10}},"39":{"start":{"line":40,"column":0},"end":{"line":40,"column":16}},"40":{"start":{"line":41,"column":0},"end":{"line":41,"column":69}},"41":{"start":{"line":42,"column":0},"end":{"line":42,"column":23}},"42":{"start":{"line":43,"column":0},"end":{"line":43,"column":23}},"43":{"start":{"line":44,"column":0},"end":{"line":44,"column":36}},"44":{"start":{"line":45,"column":0},"end":{"line":45,"column":27}},"45":{"start":{"line":46,"column":0},"end":{"line":46,"column":33}},"46":{"start":{"line":47,"column":0},"end":{"line":47,"column":35}},"47":{"start":{"line":48,"column":0},"end":{"line":48,"column":34}},"48":{"start":{"line":49,"column":0},"end":{"line":49,"column":14}},"49":{"start":{"line":50,"column":0},"end":{"line":50,"column":7}},"50":{"start":{"line":51,"column":0},"end":{"line":51,"column":36}},"51":{"start":{"line":52,"column":0},"end":{"line":52,"column":7}},"52":{"start":{"line":53,"column":0},"end":{"line":53,"column":23}},"53":{"start":{"line":54,"column":0},"end":{"line":54,"column":6}},"54":{"start":{"line":55,"column":0},"end":{"line":55,"column":25}},"55":{"start":{"line":56,"column":0},"end":{"line":56,"column":180}},"56":{"start":{"line":57,"column":0},"end":{"line":57,"column":16}},"57":{"start":{"line":58,"column":0},"end":{"line":58,"column":42}},"58":{"start":{"line":59,"column":0},"end":{"line":59,"column":34}},"59":{"start":{"line":60,"column":0},"end":{"line":60,"column":30}},"60":{"start":{"line":61,"column":0},"end":{"line":61,"column":8}},"61":{"start":{"line":62,"column":0},"end":{"line":62,"column":11}},"62":{"start":{"line":63,"column":0},"end":{"line":63,"column":13}},"63":{"start":{"line":64,"column":0},"end":{"line":64,"column":9}},"64":{"start":{"line":65,"column":0},"end":{"line":65,"column":10}},"65":{"start":{"line":66,"column":0},"end":{"line":66,"column":17}},"66":{"start":{"line":67,"column":0},"end":{"line":67,"column":35}},"67":{"start":{"line":68,"column":0},"end":{"line":68,"column":32}},"68":{"start":{"line":69,"column":0},"end":{"line":69,"column":4}},"70":{"start":{"line":71,"column":0},"end":{"line":71,"column":12}},"71":{"start":{"line":72,"column":0},"end":{"line":72,"column":8}},"73":{"start":{"line":74,"column":0},"end":{"line":74,"column":1}}},"s":{"0":1,"1":1,"2":1,"3":1,"4":1,"5":1,"11":1,"12":1,"13":1,"14":1,"15":1,"16":1,"19":1,"20":1,"21":1,"22":0,"23":0,"24":0,"25":0,"26":1,"27":1,"28":1,"29":1,"30":1,"31":1,"33":1,"34":1,"35":1,"36":1,"37":1,"38":1,"39":1,"40":1,"41":1,"42":1,"43":0,"44":0,"45":0,"46":0,"47":0,"48":0,"49":0,"50":0,"51":0,"52":1,"53":1,"54":1,"55":0,"56":0,"57":0,"58":0,"59":0,"60":0,"61":0,"62":1,"63":1,"64":1,"65":1,"66":1,"67":1,"68":1,"70":1,"71":1,"73":1},"branchMap":{"0":{"type":"branch","line":12,"loc":{"start":{"line":12,"column":7},"end":{"line":74,"column":1}},"locations":[{"start":{"line":12,"column":7},"end":{"line":74,"column":1}}]},"1":{"type":"branch","line":32,"loc":{"start":{"line":32,"column":44},"end":{"line":32,"column":81}},"locations":[{"start":{"line":32,"column":44},"end":{"line":32,"column":81}}]},"2":{"type":"branch","line":36,"loc":{"start":{"line":36,"column":11},"end":{"line":36,"column":31}},"locations":[{"start":{"line":36,"column":11},"end":{"line":36,"column":31}}]},"3":{"type":"branch","line":55,"loc":{"start":{"line":55,"column":5},"end":{"line":62,"column":11}},"locations":[{"start":{"line":55,"column":5},"end":{"line":62,"column":11}}]}},"b":{"0":[1],"1":[0],"2":[0],"3":[0]},"fnMap":{"0":{"name":"MobileSearch","decl":{"start":{"line":12,"column":7},"end":{"line":74,"column":1}},"loc":{"start":{"line":12,"column":7},"end":{"line":74,"column":1}},"line":12},"1":{"name":"onClick","decl":{"start":{"line":37,"column":14},"end":{"line":37,"column":50}},"loc":{"start":{"line":37,"column":14},"end":{"line":37,"column":50}},"line":37},"2":{"name":"onChange","decl":{"start":{"line":43,"column":15},"end":{"line":52,"column":7}},"loc":{"start":{"line":43,"column":15},"end":{"line":52,"column":7}},"line":43}},"f":{"0":1,"1":0,"2":0}}
,"/Users/gabrielunderwood/repos/reddit-clone/src/components/main/header/objIcon.tsx": {"path":"/Users/gabrielunderwood/repos/reddit-clone/src/components/main/header/objIcon.tsx","all":false,"statementMap":{"0":{"start":{"line":1,"column":0},"end":{"line":1,"column":50}},"7":{"start":{"line":8,"column":0},"end":{"line":8,"column":47}},"8":{"start":{"line":9,"column":0},"end":{"line":9,"column":9}},"9":{"start":{"line":10,"column":0},"end":{"line":10,"column":4}},"10":{"start":{"line":11,"column":0},"end":{"line":11,"column":16}},"11":{"start":{"line":12,"column":0},"end":{"line":12,"column":8}},"12":{"start":{"line":13,"column":0},"end":{"line":13,"column":19}},"13":{"start":{"line":14,"column":0},"end":{"line":14,"column":65}},"14":{"start":{"line":15,"column":0},"end":{"line":15,"column":84}},"15":{"start":{"line":16,"column":0},"end":{"line":16,"column":6}},"17":{"start":{"line":18,"column":0},"end":{"line":18,"column":8}},"18":{"start":{"line":19,"column":0},"end":{"line":19,"column":110}},"19":{"start":{"line":20,"column":0},"end":{"line":20,"column":43}},"21":{"start":{"line":22,"column":0},"end":{"line":22,"column":75}},"22":{"start":{"line":23,"column":0},"end":{"line":23,"column":10}},"24":{"start":{"line":25,"column":0},"end":{"line":25,"column":5}},"26":{"start":{"line":27,"column":0},"end":{"line":27,"column":1}}},"s":{"0":1,"7":1,"8":30,"9":30,"10":30,"11":15,"12":15,"13":15,"14":15,"15":15,"17":15,"18":15,"19":15,"21":15,"22":15,"24":30,"26":30},"branchMap":{"0":{"type":"branch","line":8,"loc":{"start":{"line":8,"column":7},"end":{"line":27,"column":1}},"locations":[{"start":{"line":8,"column":7},"end":{"line":27,"column":1}}]},"1":{"type":"branch","line":11,"loc":{"start":{"line":11,"column":8},"end":{"line":16,"column":6}},"locations":[{"start":{"line":11,"column":8},"end":{"line":16,"column":6}}]},"2":{"type":"branch","line":14,"loc":{"start":{"line":14,"column":34},"end":{"line":14,"column":57}},"locations":[{"start":{"line":14,"column":34},"end":{"line":14,"column":57}}]},"3":{"type":"branch","line":16,"loc":{"start":{"line":16,"column":4},"end":{"line":23,"column":10}},"locations":[{"start":{"line":16,"column":4},"end":{"line":23,"column":10}}]},"4":{"type":"branch","line":22,"loc":{"start":{"line":22,"column":43},"end":{"line":22,"column":75}},"locations":[{"start":{"line":22,"column":43},"end":{"line":22,"column":75}}]}},"b":{"0":[30],"1":[15],"2":[0],"3":[15],"4":[0]},"fnMap":{"0":{"name":"ObjIcon","decl":{"start":{"line":8,"column":7},"end":{"line":27,"column":1}},"loc":{"start":{"line":8,"column":7},"end":{"line":27,"column":1}},"line":8}},"f":{"0":30}}
,"/Users/gabrielunderwood/repos/reddit-clone/src/components/main/header/search.tsx": {"path":"/Users/gabrielunderwood/repos/reddit-clone/src/components/main/header/search.tsx","all":false,"statementMap":{"0":{"start":{"line":1,"column":0},"end":{"line":1,"column":56}},"2":{"start":{"line":3,"column":0},"end":{"line":3,"column":48}},"3":{"start":{"line":4,"column":0},"end":{"line":4,"column":36}},"4":{"start":{"line":5,"column":0},"end":{"line":5,"column":69}},"6":{"start":{"line":7,"column":0},"end":{"line":7,"column":40}},"14":{"start":{"line":15,"column":0},"end":{"line":15,"column":35}},"15":{"start":{"line":16,"column":0},"end":{"line":16,"column":18}},"16":{"start":{"line":17,"column":0},"end":{"line":17,"column":14}},"17":{"start":{"line":18,"column":0},"end":{"line":18,"column":12}},"18":{"start":{"line":19,"column":0},"end":{"line":19,"column":19}},"19":{"start":{"line":20,"column":0},"end":{"line":20,"column":61}},"20":{"start":{"line":21,"column":0},"end":{"line":21,"column":72}},"21":{"start":{"line":22,"column":0},"end":{"line":22,"column":46}},"23":{"start":{"line":24,"column":0},"end":{"line":24,"column":18}},"25":{"start":{"line":26,"column":0},"end":{"line":26,"column":26}},"26":{"start":{"line":27,"column":0},"end":{"line":27,"column":27}},"27":{"start":{"line":28,"column":0},"end":{"line":28,"column":26}},"28":{"start":{"line":29,"column":0},"end":{"line":29,"column":24}},"29":{"start":{"line":30,"column":0},"end":{"line":30,"column":12}},"30":{"start":{"line":31,"column":0},"end":{"line":31,"column":18}},"31":{"start":{"line":32,"column":0},"end":{"line":32,"column":5}},"32":{"start":{"line":33,"column":0},"end":{"line":33,"column":26}},"33":{"start":{"line":34,"column":0},"end":{"line":34,"column":24}},"34":{"start":{"line":35,"column":0},"end":{"line":35,"column":12}},"35":{"start":{"line":36,"column":0},"end":{"line":36,"column":18}},"36":{"start":{"line":37,"column":0},"end":{"line":37,"column":5}},"37":{"start":{"line":38,"column":0},"end":{"line":38,"column":36}},"38":{"start":{"line":39,"column":0},"end":{"line":39,"column":17}},"39":{"start":{"line":40,"column":0},"end":{"line":40,"column":24}},"40":{"start":{"line":41,"column":0},"end":{"line":41,"column":64}},"41":{"start":{"line":42,"column":0},"end":{"line":42,"column":20}},"42":{"start":{"line":43,"column":0},"end":{"line":43,"column":19}},"43":{"start":{"line":44,"column":0},"end":{"line":44,"column":5}},"44":{"start":{"line":45,"column":0},"end":{"line":45,"column":36}},"45":{"start":{"line":46,"column":0},"end":{"line":46,"column":17}},"46":{"start":{"line":47,"column":0},"end":{"line":47,"column":24}},"47":{"start":{"line":48,"column":0},"end":{"line":48,"column":19}},"48":{"start":{"line":49,"column":0},"end":{"line":49,"column":20}},"49":{"start":{"line":50,"column":0},"end":{"line":50,"column":19}},"50":{"start":{"line":51,"column":0},"end":{"line":51,"column":17}},"51":{"start":{"line":52,"column":0},"end":{"line":52,"column":5}},"52":{"start":{"line":53,"column":0},"end":{"line":53,"column":56}},"53":{"start":{"line":54,"column":0},"end":{"line":54,"column":21}},"54":{"start":{"line":55,"column":0},"end":{"line":55,"column":34}},"55":{"start":{"line":56,"column":0},"end":{"line":56,"column":4}},"56":{"start":{"line":57,"column":0},"end":{"line":57,"column":14}},"57":{"start":{"line":58,"column":0},"end":{"line":58,"column":18}},"59":{"start":{"line":60,"column":0},"end":{"line":60,"column":9}},"60":{"start":{"line":61,"column":0},"end":{"line":61,"column":4}},"61":{"start":{"line":62,"column":0},"end":{"line":62,"column":24}},"62":{"start":{"line":63,"column":0},"end":{"line":63,"column":64}},"63":{"start":{"line":64,"column":0},"end":{"line":64,"column":30}},"64":{"start":{"line":65,"column":0},"end":{"line":65,"column":60}},"65":{"start":{"line":66,"column":0},"end":{"line":66,"column":16}},"66":{"start":{"line":67,"column":0},"end":{"line":67,"column":19}},"67":{"start":{"line":68,"column":0},"end":{"line":68,"column":18}},"68":{"start":{"line":69,"column":0},"end":{"line":69,"column":43}},"69":{"start":{"line":70,"column":0},"end":{"line":70,"column":37}},"70":{"start":{"line":71,"column":0},"end":{"line":71,"column":34}},"71":{"start":{"line":72,"column":0},"end":{"line":72,"column":9}},"72":{"start":{"line":73,"column":0},"end":{"line":73,"column":12}},"74":{"start":{"line":75,"column":0},"end":{"line":75,"column":50}},"75":{"start":{"line":76,"column":0},"end":{"line":76,"column":29}},"76":{"start":{"line":77,"column":0},"end":{"line":77,"column":31}},"77":{"start":{"line":78,"column":0},"end":{"line":78,"column":17}},"78":{"start":{"line":79,"column":0},"end":{"line":79,"column":15}},"79":{"start":{"line":80,"column":0},"end":{"line":80,"column":25}},"80":{"start":{"line":81,"column":0},"end":{"line":81,"column":35}},"81":{"start":{"line":82,"column":0},"end":{"line":82,"column":28}},"82":{"start":{"line":83,"column":0},"end":{"line":83,"column":54}},"84":{"start":{"line":85,"column":0},"end":{"line":85,"column":34}},"85":{"start":{"line":86,"column":0},"end":{"line":86,"column":63}},"86":{"start":{"line":87,"column":0},"end":{"line":87,"column":17}},"88":{"start":{"line":89,"column":0},"end":{"line":89,"column":10}},"90":{"start":{"line":91,"column":0},"end":{"line":91,"column":52}},"92":{"start":{"line":93,"column":0},"end":{"line":93,"column":12}},"94":{"start":{"line":95,"column":0},"end":{"line":95,"column":10}},"95":{"start":{"line":96,"column":0},"end":{"line":96,"column":17}},"96":{"start":{"line":97,"column":0},"end":{"line":97,"column":5}},"98":{"start":{"line":99,"column":0},"end":{"line":99,"column":1}}},"s":{"0":1,"2":1,"3":1,"4":1,"6":1,"14":18,"15":18,"16":18,"17":18,"18":18,"19":18,"20":18,"21":18,"23":18,"25":9,"26":9,"27":9,"28":9,"29":9,"30":9,"31":9,"32":9,"33":9,"34":9,"35":9,"36":9,"37":9,"38":9,"39":9,"40":9,"41":9,"42":9,"43":9,"44":9,"45":9,"46":9,"47":9,"48":9,"49":9,"50":9,"51":9,"52":9,"53":9,"54":9,"55":9,"56":9,"57":18,"59":18,"60":18,"61":18,"62":18,"63":18,"64":3,"65":3,"66":3,"67":3,"68":3,"69":3,"70":3,"71":3,"72":3,"74":15,"75":15,"76":15,"77":30,"78":30,"79":30,"80":30,"81":30,"82":30,"84":30,"85":30,"86":30,"88":15,"90":0,"92":15,"94":18,"95":0,"96":18,"98":18},"branchMap":{"0":{"type":"branch","line":15,"loc":{"start":{"line":15,"column":0},"end":{"line":99,"column":1}},"locations":[{"start":{"line":15,"column":0},"end":{"line":99,"column":1}}]},"1":{"type":"branch","line":64,"loc":{"start":{"line":64,"column":6},"end":{"line":73,"column":12}},"locations":[{"start":{"line":64,"column":6},"end":{"line":73,"column":12}}]},"2":{"type":"branch","line":69,"loc":{"start":{"line":69,"column":15},"end":{"line":69,"column":35}},"locations":[{"start":{"line":69,"column":15},"end":{"line":69,"column":35}}]},"3":{"type":"branch","line":73,"loc":{"start":{"line":73,"column":6},"end":{"line":93,"column":12}},"locations":[{"start":{"line":73,"column":6},"end":{"line":93,"column":12}}]},"4":{"type":"branch","line":89,"loc":{"start":{"line":89,"column":9},"end":{"line":91,"column":52}},"locations":[{"start":{"line":89,"column":9},"end":{"line":91,"column":52}}]},"5":{"type":"branch","line":95,"loc":{"start":{"line":95,"column":4},"end":{"line":96,"column":17}},"locations":[{"start":{"line":95,"column":4},"end":{"line":96,"column":17}}]},"6":{"type":"branch","line":24,"loc":{"start":{"line":24,"column":11},"end":{"line":58,"column":4}},"locations":[{"start":{"line":24,"column":11},"end":{"line":58,"column":4}}]},"7":{"type":"branch","line":27,"loc":{"start":{"line":27,"column":20},"end":{"line":56,"column":4}},"locations":[{"start":{"line":27,"column":20},"end":{"line":56,"column":4}}]},"8":{"type":"branch","line":77,"loc":{"start":{"line":77,"column":19},"end":{"line":89,"column":9}},"locations":[{"start":{"line":77,"column":19},"end":{"line":89,"column":9}}]}},"b":{"0":[18],"1":[3],"2":[0],"3":[15],"4":[0],"5":[0],"6":[9],"7":[9],"8":[30]},"fnMap":{"0":{"name":"SearchBox","decl":{"start":{"line":15,"column":0},"end":{"line":99,"column":1}},"loc":{"start":{"line":15,"column":0},"end":{"line":99,"column":1}},"line":15},"1":{"name":"getForums","decl":{"start":{"line":27,"column":20},"end":{"line":56,"column":4}},"loc":{"start":{"line":27,"column":20},"end":{"line":56,"column":4}},"line":27}},"f":{"0":18,"1":9}}
,"/Users/gabrielunderwood/repos/reddit-clone/src/components/main/header/hooks/useClickOutside.tsx": {"path":"/Users/gabrielunderwood/repos/reddit-clone/src/components/main/header/hooks/useClickOutside.tsx","all":false,"statementMap":{"0":{"start":{"line":1,"column":0},"end":{"line":1,"column":50}},"2":{"start":{"line":3,"column":0},"end":{"line":3,"column":40}},"3":{"start":{"line":4,"column":0},"end":{"line":4,"column":39}},"4":{"start":{"line":5,"column":0},"end":{"line":5,"column":28}},"5":{"start":{"line":6,"column":0},"end":{"line":6,"column":47}},"6":{"start":{"line":7,"column":0},"end":{"line":7,"column":3}},"7":{"start":{"line":8,"column":0},"end":{"line":8,"column":18}},"8":{"start":{"line":9,"column":0},"end":{"line":9,"column":50}},"9":{"start":{"line":10,"column":0},"end":{"line":10,"column":31}},"10":{"start":{"line":11,"column":0},"end":{"line":11,"column":11}},"11":{"start":{"line":12,"column":0},"end":{"line":12,"column":4}},"13":{"start":{"line":14,"column":0},"end":{"line":14,"column":7}},"14":{"start":{"line":15,"column":0},"end":{"line":15,"column":21}},"15":{"start":{"line":16,"column":0},"end":{"line":16,"column":18}},"16":{"start":{"line":17,"column":0},"end":{"line":17,"column":47}},"17":{"start":{"line":18,"column":0},"end":{"line":18,"column":6}},"18":{"start":{"line":19,"column":0},"end":{"line":19,"column":21}},"19":{"start":{"line":20,"column":0},"end":{"line":20,"column":14}},"20":{"start":{"line":21,"column":0},"end":{"line":21,"column":29}},"21":{"start":{"line":22,"column":0},"end":{"line":22,"column":60}},"22":{"start":{"line":23,"column":0},"end":{"line":23,"column":18}},"23":{"start":{"line":24,"column":0},"end":{"line":24,"column":47}},"24":{"start":{"line":25,"column":0},"end":{"line":25,"column":6}},"25":{"start":{"line":26,"column":0},"end":{"line":26,"column":21}},"26":{"start":{"line":27,"column":0},"end":{"line":27,"column":4}},"27":{"start":{"line":28,"column":0},"end":{"line":28,"column":3}},"29":{"start":{"line":30,"column":0},"end":{"line":30,"column":61}},"30":{"start":{"line":31,"column":0},"end":{"line":31,"column":16}},"32":{"start":{"line":33,"column":0},"end":{"line":33,"column":65}},"33":{"start":{"line":34,"column":0},"end":{"line":34,"column":4}},"34":{"start":{"line":35,"column":0},"end":{"line":35,"column":42}},"35":{"start":{"line":36,"column":0},"end":{"line":36,"column":1}}},"s":{"0":1,"2":23,"3":23,"4":23,"5":23,"6":23,"7":23,"8":23,"9":10,"10":0,"11":0,"13":10,"14":10,"15":0,"16":0,"17":10,"18":0,"19":0,"20":10,"21":1,"22":1,"23":1,"24":10,"25":1,"26":1,"27":10,"29":23,"30":23,"32":23,"33":23,"34":23,"35":23},"branchMap":{"0":{"type":"branch","line":3,"loc":{"start":{"line":3,"column":0},"end":{"line":36,"column":1}},"locations":[{"start":{"line":3,"column":0},"end":{"line":36,"column":1}}]},"1":{"type":"branch","line":8,"loc":{"start":{"line":8,"column":11},"end":{"line":35,"column":4}},"locations":[{"start":{"line":8,"column":11},"end":{"line":35,"column":4}}]},"2":{"type":"branch","line":9,"loc":{"start":{"line":9,"column":2},"end":{"line":28,"column":3}},"locations":[{"start":{"line":9,"column":2},"end":{"line":28,"column":3}}]},"3":{"type":"branch","line":10,"loc":{"start":{"line":10,"column":30},"end":{"line":12,"column":4}},"locations":[{"start":{"line":10,"column":30},"end":{"line":12,"column":4}}]},"4":{"type":"branch","line":15,"loc":{"start":{"line":15,"column":5},"end":{"line":16,"column":18}},"locations":[{"start":{"line":15,"column":5},"end":{"line":16,"column":18}}]},"5":{"type":"branch","line":16,"loc":{"start":{"line":16,"column":8},"end":{"line":17,"column":47}},"locations":[{"start":{"line":16,"column":8},"end":{"line":17,"column":47}}]},"6":{"type":"branch","line":18,"loc":{"start":{"line":18,"column":5},"end":{"line":20,"column":14}},"locations":[{"start":{"line":18,"column":5},"end":{"line":20,"column":14}}]},"7":{"type":"branch","line":21,"loc":{"start":{"line":21,"column":19},"end":{"line":22,"column":60}},"locations":[{"start":{"line":21,"column":19},"end":{"line":22,"column":60}}]},"8":{"type":"branch","line":22,"loc":{"start":{"line":22,"column":56},"end":{"line":23,"column":18}},"locations":[{"start":{"line":22,"column":56},"end":{"line":23,"column":18}}]},"9":{"type":"branch","line":23,"loc":{"start":{"line":23,"column":8},"end":{"line":24,"column":47}},"locations":[{"start":{"line":23,"column":8},"end":{"line":24,"column":47}}]},"10":{"type":"branch","line":25,"loc":{"start":{"line":25,"column":5},"end":{"line":27,"column":4}},"locations":[{"start":{"line":25,"column":5},"end":{"line":27,"column":4}}]},"11":{"type":"branch","line":31,"loc":{"start":{"line":31,"column":9},"end":{"line":34,"column":4}},"locations":[{"start":{"line":31,"column":9},"end":{"line":34,"column":4}}]}},"b":{"0":[23],"1":[23],"2":[10],"3":[0],"4":[0],"5":[0],"6":[0],"7":[1],"8":[1],"9":[1],"10":[1],"11":[23]},"fnMap":{"0":{"name":"useClickOutside","decl":{"start":{"line":3,"column":0},"end":{"line":36,"column":1}},"loc":{"start":{"line":3,"column":0},"end":{"line":36,"column":1}},"line":3},"1":{"name":"handleClickOutside","decl":{"start":{"line":9,"column":2},"end":{"line":28,"column":3}},"loc":{"start":{"line":9,"column":2},"end":{"line":28,"column":3}},"line":9}},"f":{"0":23,"1":10}}
,"/Users/gabrielunderwood/repos/reddit-clone/src/global-contexts/themeContext.tsx": {"path":"/Users/gabrielunderwood/repos/reddit-clone/src/global-contexts/themeContext.tsx","all":false,"statementMap":{"0":{"start":{"line":1,"column":0},"end":{"line":1,"column":78}},"8":{"start":{"line":9,"column":0},"end":{"line":9,"column":75}},"9":{"start":{"line":10,"column":0},"end":{"line":10,"column":24}},"10":{"start":{"line":11,"column":0},"end":{"line":11,"column":2}},"12":{"start":{"line":13,"column":0},"end":{"line":13,"column":73}},"13":{"start":{"line":14,"column":0},"end":{"line":14,"column":65}},"14":{"start":{"line":15,"column":0},"end":{"line":15,"column":43}},"15":{"start":{"line":16,"column":0},"end":{"line":16,"column":33}},"16":{"start":{"line":17,"column":0},"end":{"line":17,"column":11}},"17":{"start":{"line":18,"column":0},"end":{"line":18,"column":43}},"19":{"start":{"line":20,"column":0},"end":{"line":20,"column":18}},"20":{"start":{"line":21,"column":0},"end":{"line":21,"column":6}},"21":{"start":{"line":22,"column":0},"end":{"line":22,"column":35}},"22":{"start":{"line":23,"column":0},"end":{"line":23,"column":50}},"23":{"start":{"line":24,"column":0},"end":{"line":24,"column":5}},"24":{"start":{"line":25,"column":0},"end":{"line":25,"column":50}},"25":{"start":{"line":26,"column":0},"end":{"line":26,"column":21}},"26":{"start":{"line":27,"column":0},"end":{"line":27,"column":19}},"27":{"start":{"line":28,"column":0},"end":{"line":28,"column":10}},"28":{"start":{"line":29,"column":0},"end":{"line":29,"column":53}},"29":{"start":{"line":30,"column":0},"end":{"line":30,"column":22}},"30":{"start":{"line":31,"column":0},"end":{"line":31,"column":18}},"31":{"start":{"line":32,"column":0},"end":{"line":32,"column":3}},"32":{"start":{"line":33,"column":0},"end":{"line":33,"column":32}},"34":{"start":{"line":35,"column":0},"end":{"line":35,"column":46}},"35":{"start":{"line":36,"column":0},"end":{"line":36,"column":15}},"36":{"start":{"line":37,"column":0},"end":{"line":37,"column":31}},"37":{"start":{"line":38,"column":0},"end":{"line":38,"column":21}},"38":{"start":{"line":39,"column":0},"end":{"line":39,"column":10}},"39":{"start":{"line":40,"column":0},"end":{"line":40,"column":32}},"40":{"start":{"line":41,"column":0},"end":{"line":41,"column":22}},"41":{"start":{"line":42,"column":0},"end":{"line":42,"column":3}},"42":{"start":{"line":43,"column":0},"end":{"line":43,"column":3}},"44":{"start":{"line":45,"column":0},"end":{"line":45,"column":50}},"46":{"start":{"line":47,"column":0},"end":{"line":47,"column":9}},"47":{"start":{"line":48,"column":0},"end":{"line":48,"column":46}},"48":{"start":{"line":49,"column":0},"end":{"line":49,"column":13}},"49":{"start":{"line":50,"column":0},"end":{"line":50,"column":26}},"51":{"start":{"line":52,"column":0},"end":{"line":52,"column":1}}},"s":{"0":1,"8":1,"9":1,"10":1,"12":1,"13":4,"14":4,"15":4,"16":4,"17":4,"19":4,"20":2,"21":2,"22":2,"23":2,"24":1,"25":1,"26":1,"27":1,"28":1,"29":1,"30":1,"31":1,"32":4,"34":4,"35":1,"36":0,"37":0,"38":1,"39":1,"40":1,"41":1,"42":1,"44":4,"46":4,"47":4,"48":4,"49":4,"51":4},"branchMap":{"0":{"type":"branch","line":13,"loc":{"start":{"line":13,"column":7},"end":{"line":52,"column":1}},"locations":[{"start":{"line":13,"column":7},"end":{"line":52,"column":1}}]},"1":{"type":"branch","line":18,"loc":{"start":{"line":18,"column":15},"end":{"line":18,"column":43}},"locations":[{"start":{"line":18,"column":15},"end":{"line":18,"column":43}}]},"2":{"type":"branch","line":20,"loc":{"start":{"line":20,"column":11},"end":{"line":33,"column":4}},"locations":[{"start":{"line":20,"column":11},"end":{"line":33,"column":4}}]},"3":{"type":"branch","line":23,"loc":{"start":{"line":23,"column":17},"end":{"line":23,"column":50}},"locations":[{"start":{"line":23,"column":17},"end":{"line":23,"column":50}}]},"4":{"type":"branch","line":24,"loc":{"start":{"line":24,"column":4},"end":{"line":32,"column":3}},"locations":[{"start":{"line":24,"column":4},"end":{"line":32,"column":3}}]},"5":{"type":"branch","line":35,"loc":{"start":{"line":35,"column":24},"end":{"line":43,"column":3}},"locations":[{"start":{"line":35,"column":24},"end":{"line":43,"column":3}}]},"6":{"type":"branch","line":36,"loc":{"start":{"line":36,"column":14},"end":{"line":39,"column":9}},"locations":[{"start":{"line":36,"column":14},"end":{"line":39,"column":9}}]}},"b":{"0":[4],"1":[1],"2":[2],"3":[1],"4":[1],"5":[1],"6":[0]},"fnMap":{"0":{"name":"ThemeProvider","decl":{"start":{"line":13,"column":7},"end":{"line":52,"column":1}},"loc":{"start":{"line":13,"column":7},"end":{"line":52,"column":1}},"line":13},"1":{"name":"toggleDarkMode","decl":{"start":{"line":35,"column":24},"end":{"line":43,"column":3}},"loc":{"start":{"line":35,"column":24},"end":{"line":43,"column":3}},"line":35}},"f":{"0":4,"1":1}}
,"/Users/gabrielunderwood/repos/reddit-clone/src/test-util/posts.ts": {"path":"/Users/gabrielunderwood/repos/reddit-clone/src/test-util/posts.ts","all":false,"statementMap":{"3":{"start":{"line":4,"column":0},"end":{"line":4,"column":36}},"4":{"start":{"line":5,"column":0},"end":{"line":5,"column":17}},"5":{"start":{"line":6,"column":0},"end":{"line":6,"column":24}},"6":{"start":{"line":7,"column":0},"end":{"line":7,"column":10}},"7":{"start":{"line":8,"column":0},"end":{"line":8,"column":19}},"8":{"start":{"line":9,"column":0},"end":{"line":9,"column":3}},"9":{"start":{"line":10,"column":0},"end":{"line":10,"column":17}},"10":{"start":{"line":11,"column":0},"end":{"line":11,"column":24}},"11":{"start":{"line":12,"column":0},"end":{"line":12,"column":10}},"12":{"start":{"line":13,"column":0},"end":{"line":13,"column":19}},"13":{"start":{"line":14,"column":0},"end":{"line":14,"column":3}},"14":{"start":{"line":15,"column":0},"end":{"line":15,"column":36}},"15":{"start":{"line":16,"column":0},"end":{"line":16,"column":19}},"16":{"start":{"line":17,"column":0},"end":{"line":17,"column":34}},"17":{"start":{"line":18,"column":0},"end":{"line":18,"column":18}},"18":{"start":{"line":19,"column":0},"end":{"line":19,"column":17}},"19":{"start":{"line":20,"column":0},"end":{"line":20,"column":16}},"20":{"start":{"line":21,"column":0},"end":{"line":21,"column":3}},"21":{"start":{"line":22,"column":0},"end":{"line":22,"column":36}},"22":{"start":{"line":23,"column":0},"end":{"line":23,"column":19}},"23":{"start":{"line":24,"column":0},"end":{"line":24,"column":34}},"24":{"start":{"line":25,"column":0},"end":{"line":25,"column":18}},"25":{"start":{"line":26,"column":0},"end":{"line":26,"column":17}},"26":{"start":{"line":27,"column":0},"end":{"line":27,"column":16}},"27":{"start":{"line":28,"column":0},"end":{"line":28,"column":15}},"28":{"start":{"line":29,"column":0},"end":{"line":29,"column":3}},"29":{"start":{"line":30,"column":0},"end":{"line":30,"column":36}},"30":{"start":{"line":31,"column":0},"end":{"line":31,"column":19}},"31":{"start":{"line":32,"column":0},"end":{"line":32,"column":34}},"32":{"start":{"line":33,"column":0},"end":{"line":33,"column":18}},"33":{"start":{"line":34,"column":0},"end":{"line":34,"column":17}},"34":{"start":{"line":35,"column":0},"end":{"line":35,"column":16}},"35":{"start":{"line":36,"column":0},"end":{"line":36,"column":3}},"36":{"start":{"line":37,"column":0},"end":{"line":37,"column":29}},"37":{"start":{"line":38,"column":0},"end":{"line":38,"column":16}},"38":{"start":{"line":39,"column":0},"end":{"line":39,"column":18}},"39":{"start":{"line":40,"column":0},"end":{"line":40,"column":19}},"40":{"start":{"line":41,"column":0},"end":{"line":41,"column":16}},"41":{"start":{"line":42,"column":0},"end":{"line":42,"column":13}},"42":{"start":{"line":43,"column":0},"end":{"line":43,"column":15}},"43":{"start":{"line":44,"column":0},"end":{"line":44,"column":10}},"44":{"start":{"line":45,"column":0},"end":{"line":45,"column":24}},"45":{"start":{"line":46,"column":0},"end":{"line":46,"column":14}},"46":{"start":{"line":47,"column":0},"end":{"line":47,"column":3}},"47":{"start":{"line":48,"column":0},"end":{"line":48,"column":29}},"48":{"start":{"line":49,"column":0},"end":{"line":49,"column":16}},"49":{"start":{"line":50,"column":0},"end":{"line":50,"column":18}},"50":{"start":{"line":51,"column":0},"end":{"line":51,"column":19}},"51":{"start":{"line":52,"column":0},"end":{"line":52,"column":16}},"52":{"start":{"line":53,"column":0},"end":{"line":53,"column":13}},"53":{"start":{"line":54,"column":0},"end":{"line":54,"column":15}},"54":{"start":{"line":55,"column":0},"end":{"line":55,"column":10}},"55":{"start":{"line":56,"column":0},"end":{"line":56,"column":24}},"56":{"start":{"line":57,"column":0},"end":{"line":57,"column":14}},"57":{"start":{"line":58,"column":0},"end":{"line":58,"column":3}},"58":{"start":{"line":59,"column":0},"end":{"line":59,"column":29}},"59":{"start":{"line":60,"column":0},"end":{"line":60,"column":16}},"60":{"start":{"line":61,"column":0},"end":{"line":61,"column":18}},"61":{"start":{"line":62,"column":0},"end":{"line":62,"column":19}},"62":{"start":{"line":63,"column":0},"end":{"line":63,"column":16}},"63":{"start":{"line":64,"column":0},"end":{"line":64,"column":13}},"64":{"start":{"line":65,"column":0},"end":{"line":65,"column":15}},"65":{"start":{"line":66,"column":0},"end":{"line":66,"column":10}},"66":{"start":{"line":67,"column":0},"end":{"line":67,"column":24}},"67":{"start":{"line":68,"column":0},"end":{"line":68,"column":14}},"68":{"start":{"line":69,"column":0},"end":{"line":69,"column":3}},"70":{"start":{"line":71,"column":0},"end":{"line":71,"column":39}},"71":{"start":{"line":72,"column":0},"end":{"line":72,"column":2}}},"s":{"3":1,"4":3,"5":3,"6":3,"7":3,"8":3,"9":3,"10":3,"11":3,"12":3,"13":3,"14":3,"15":3,"16":3,"17":3,"18":3,"19":3,"20":3,"21":3,"22":3,"23":3,"24":3,"25":3,"26":3,"27":3,"28":3,"29":3,"30":3,"31":3,"32":3,"33":3,"34":3,"35":3,"36":3,"37":3,"38":3,"39":3,"40":3,"41":3,"42":3,"43":3,"44":3,"45":3,"46":3,"47":3,"48":3,"49":3,"50":3,"51":3,"52":3,"53":3,"54":3,"55":3,"56":3,"57":3,"58":3,"59":3,"60":3,"61":3,"62":3,"63":3,"64":3,"65":3,"66":3,"67":3,"68":3,"70":3,"71":3},"branchMap":{"0":{"type":"branch","line":4,"loc":{"start":{"line":4,"column":29},"end":{"line":72,"column":2}},"locations":[{"start":{"line":4,"column":29},"end":{"line":72,"column":2}}]}},"b":{"0":[3]},"fnMap":{"0":{"name":"generatePosts","decl":{"start":{"line":4,"column":29},"end":{"line":72,"column":2}},"loc":{"start":{"line":4,"column":29},"end":{"line":72,"column":2}},"line":4}},"f":{"0":3}}
}
